mode: set
tsmc.com/go-gin-docker/Customer/repository/mariaRepository.go:15.60,19.2 1 0
tsmc.com/go-gin-docker/Customer/repository/mariaRepository.go:21.97,24.16 3 1
tsmc.com/go-gin-docker/Customer/repository/mariaRepository.go:27.2,28.16 2 1
tsmc.com/go-gin-docker/Customer/repository/mariaRepository.go:32.2,34.18 2 1
tsmc.com/go-gin-docker/Customer/repository/mariaRepository.go:48.2,48.21 1 1
tsmc.com/go-gin-docker/Customer/repository/mariaRepository.go:24.16,26.3 1 0
tsmc.com/go-gin-docker/Customer/repository/mariaRepository.go:28.16,30.3 1 1
tsmc.com/go-gin-docker/Customer/repository/mariaRepository.go:34.18,41.17 3 1
tsmc.com/go-gin-docker/Customer/repository/mariaRepository.go:44.3,45.38 2 1
tsmc.com/go-gin-docker/Customer/repository/mariaRepository.go:41.17,43.4 1 0
tsmc.com/go-gin-docker/Customer/usecase/maria_Usecase.go:15.91,20.2 1 0
tsmc.com/go-gin-docker/Customer/usecase/maria_Usecase.go:22.101,26.16 4 1
tsmc.com/go-gin-docker/Customer/usecase/maria_Usecase.go:29.2,29.8 1 1
tsmc.com/go-gin-docker/Customer/usecase/maria_Usecase.go:26.16,28.3 1 1
